<?xml version="1.0" encoding="UTF-8"?>
<!-- Generated by org.testng.reporters.JUnitXMLReporter -->
<testsuite hostname="Mikhails-MacBook-Pro.local" name="Command line test" tests="15" failures="0" timestamp="31 Jul 2016 05:59:02 GMT" time="65.963" errors="0">
  <testcase name="titleAssetion" time="0.364" classname="artID.FurstTest"/>
  <testcase name="validateCheckoutButtonWithEmptyFields" time="0.136" classname="artID.FurstTest"/>
  <testcase name="validateMainItems" time="0.534" classname="artID.FurstTest"/>
  <testcase name="californiaTotalsTest" time="5.094" classname="artID.FurstTest"/>
  <testcase name="californiaSubTotalsTest" time="4.234" classname="artID.FurstTest"/>
  <testcase name="californiaPercentsTest" time="4.266" classname="artID.FurstTest"/>
  <testcase name="nyTestTotal" time="3.607" classname="artID.FurstTest"/>
  <testcase name="nyTestSubTotal" time="3.418" classname="artID.FurstTest"/>
  <testcase name="nyTestPercent" time="4.334" classname="artID.FurstTest"/>
  <testcase name="mnTestTotal" time="4.095" classname="artID.FurstTest"/>
  <testcase name="mnTestSubTotal" time="4.365" classname="artID.FurstTest"/>
  <testcase name="mnTestPercent" time="3.702" classname="artID.FurstTest"/>
  <testcase name="otherStateTestTotal" time="6.06" classname="artID.FurstTest"/>
  <testcase name="otherStateTestSubTotal" time="7.819" classname="artID.FurstTest"/>
  <testcase name="otherStatePercent" time="4.287" classname="artID.FurstTest"/>
</testsuite> <!-- Command line test -->
